{
  "RSpec": {
    "coverage": {
      "/Users/imogenkraak/Desktop/Projects/acebook/spec/models/post_spec.rb": {
        "lines": [
          1,
          null,
          1,
          2,
          null
        ]
      },
      "/Users/imogenkraak/Desktop/Projects/acebook/app/models/post.rb": {
        "lines": [
          1,
          null
        ]
      },
      "/Users/imogenkraak/Desktop/Projects/acebook/app/models/application_record.rb": {
        "lines": [
          1,
          1,
          null
        ]
      }
    },
    "timestamp": 1600701085
  }
}
