{
  "RSpec": {
    "coverage": {
      "/Users/kristynacervenkova/Desktop/acebook-rails-template/spec/models/post_spec.rb": {
        "lines": [
          1,
          null,
          1,
          2,
          null
        ]
      },
      "/Users/kristynacervenkova/Desktop/acebook-rails-template/app/models/post.rb": {
        "lines": [
          1,
          null,
          null,
          null
        ]
      },
      "/Users/kristynacervenkova/Desktop/acebook-rails-template/app/models/application_record.rb": {
        "lines": [
          1,
          1,
          null
        ]
      }
    },
    "timestamp": 1600772853
  }
}
